<?xml version="1.0" encoding="UTF-8"?>
<robot generator="Robot 7.4.2 (Python 3.14.7 on win32)" generated="2026-09-04T16:47:35.205528" rpa="false" schemaversion="5">
<suite id="s1" name="Login Test" source="C:\Users\LENOVO\OneDrive\Desktop\Almira\Automation\RF\login_test.robot">
<test id="s1-t1" name="Valid Login" line="11">
<kw name="Open Browser" owner="SeleniumLibrary">
<msg time="2026-09-04T16:47:35.569257" level="INFO">Opening browser 'chrome' to base url 'http://the-internet.herokuapp.com/login'.</msg>
<arg>${URL}</arg>
<arg>${BROWSER}</arg>
<doc>Opens a new browser instance to the optional ``url``.</doc>
<status status="PASS" start="2026-09-04T16:47:35.568789" elapsed="12.641762"/>
</kw>
<kw name="Maximize Browser Window" owner="SeleniumLibrary">
<doc>Maximizes current browser window.</doc>
<status status="PASS" start="2026-09-04T16:47:48.211396" elapsed="0.052567"/>
</kw>
<kw name="Input Text" owner="SeleniumLibrary">
<msg time="2026-09-04T16:47:48.269050" level="INFO">Typing text 'tomsmith' into text field 'id=username'.</msg>
<arg>id=username</arg>
<arg>${USERNAME}</arg>
<doc>Types the given ``text`` into the text field identified by ``locator``.</doc>
<status status="PASS" start="2026-09-04T16:47:48.267687" elapsed="0.154863"/>
</kw>
<kw name="Input Text" owner="SeleniumLibrary">
<msg time="2026-09-04T16:47:48.423686" level="INFO">Typing text 'SuperSecretPassword!' into text field 'id=password'.</msg>
<arg>id=password</arg>
<arg>${PASSWORD}</arg>
<doc>Types the given ``text`` into the text field identified by ``locator``.</doc>
<status status="PASS" start="2026-09-04T16:47:48.423093" elapsed="0.131203"/>
</kw>
<kw name="Click Button" owner="SeleniumLibrary">
<msg time="2026-09-04T16:47:48.555275" level="INFO">Clicking button 'xpath=//button[@type='submit']'.</msg>
<arg>xpath=//button[@type='submit']</arg>
<doc>Clicks the button identified by ``locator``.</doc>
<status status="PASS" start="2026-09-04T16:47:48.554847" elapsed="0.632054"/>
</kw>
<kw name="Title Should Be" owner="SeleniumLibrary">
<msg time="2026-09-04T16:47:49.195206" level="INFO">Page title is 'The Internet'.</msg>
<arg>The Internet</arg>
<doc>Verifies that the current page title equals ``title``.</doc>
<status status="PASS" start="2026-09-04T16:47:49.187415" elapsed="0.007913"/>
</kw>
<kw name="Close Browser" owner="SeleniumLibrary">
<doc>Closes the current browser.</doc>
<status status="PASS" start="2026-09-04T16:47:49.195838" elapsed="2.353599"/>
</kw>
<status status="PASS" start="2026-09-04T16:47:35.567334" elapsed="15.982586"/>
</test>
<status status="PASS" start="2026-09-04T16:47:35.209533" elapsed="16.341256"/>
</suite>
<statistics>
<total>
<stat pass="1" fail="0" skip="0">All Tests</stat>
</total>
<tag>
</tag>
<suite>
<stat name="Login Test" id="s1" pass="1" fail="0" skip="0">Login Test</stat>
</suite>
</statistics>
<errors>
</errors>
</robot>
